[2016-10-15 08:10:47] production.ERROR: ErrorException: file_put_contents(/Users/raffael/projects/Drips/core/bootstrap/cache/services.php): failed to open stream: No such file or directory in /Users/raffael/projects/Drips/vendor/laravel/framework/src/Illuminate/Filesystem/Filesystem.php:111
Stack trace:
#0 [internal function]: Illuminate\Foundation\Bootstrap\HandleExceptions->handleError(2, 'file_put_conten...', '/Users/raffael/...', 111, Array)
#1 /Users/raffael/projects/Drips/vendor/laravel/framework/src/Illuminate/Filesystem/Filesystem.php(111): file_put_contents('/Users/raffael/...', '<?php return ar...', 0)
#2 /Users/raffael/projects/Drips/vendor/laravel/framework/src/Illuminate/Foundation/ProviderRepository.php(189): Illuminate\Filesystem\Filesystem->put('/Users/raffael/...', '<?php return ar...')
#3 /Users/raffael/projects/Drips/vendor/laravel/framework/src/Illuminate/Foundation/ProviderRepository.php(135): Illuminate\Foundation\ProviderRepository->writeManifest(Array)
#4 /Users/raffael/projects/Drips/vendor/laravel/framework/src/Illuminate/Foundation/ProviderRepository.php(60): Illuminate\Foundation\ProviderRepository->compileManifest(Array)
#5 /Users/raffael/projects/Drips/vendor/laravel/framework/src/Illuminate/Foundation/Application.php(540): Illuminate\Foundation\ProviderRepository->load(Array)
#6 /Users/raffael/projects/Drips/vendor/laravel/framework/src/Illuminate/Foundation/Bootstrap/RegisterProviders.php(17): Illuminate\Foundation\Application->registerConfiguredProviders()
#7 /Users/raffael/projects/Drips/vendor/laravel/framework/src/Illuminate/Foundation/Application.php(203): Illuminate\Foundation\Bootstrap\RegisterProviders->bootstrap(Object(Prowect\Drips\Application))
#8 /Users/raffael/projects/Drips/vendor/laravel/framework/src/Illuminate/Foundation/Console/Kernel.php(262): Illuminate\Foundation\Application->bootstrapWith(Array)
#9 /Users/raffael/projects/Drips/vendor/laravel/framework/src/Illuminate/Foundation/Console/Kernel.php(114): Illuminate\Foundation\Console\Kernel->bootstrap()
#10 /Users/raffael/projects/Drips/drips(17): Illuminate\Foundation\Console\Kernel->handle(Object(Symfony\Component\Console\Input\ArgvInput), Object(Symfony\Component\Console\Output\ConsoleOutput))
#11 {main}  
[2016-10-15 08:11:15] production.ERROR: ErrorException: file_put_contents(/Users/raffael/projects/Drips/core/bootstrap/cache/services.php): failed to open stream: No such file or directory in /Users/raffael/projects/Drips/vendor/laravel/framework/src/Illuminate/Filesystem/Filesystem.php:111
Stack trace:
#0 [internal function]: Illuminate\Foundation\Bootstrap\HandleExceptions->handleError(2, 'file_put_conten...', '/Users/raffael/...', 111, Array)
#1 /Users/raffael/projects/Drips/vendor/laravel/framework/src/Illuminate/Filesystem/Filesystem.php(111): file_put_contents('/Users/raffael/...', '<?php return ar...', 0)
#2 /Users/raffael/projects/Drips/vendor/laravel/framework/src/Illuminate/Foundation/ProviderRepository.php(189): Illuminate\Filesystem\Filesystem->put('/Users/raffael/...', '<?php return ar...')
#3 /Users/raffael/projects/Drips/vendor/laravel/framework/src/Illuminate/Foundation/ProviderRepository.php(135): Illuminate\Foundation\ProviderRepository->writeManifest(Array)
#4 /Users/raffael/projects/Drips/vendor/laravel/framework/src/Illuminate/Foundation/ProviderRepository.php(60): Illuminate\Foundation\ProviderRepository->compileManifest(Array)
#5 /Users/raffael/projects/Drips/vendor/laravel/framework/src/Illuminate/Foundation/Application.php(540): Illuminate\Foundation\ProviderRepository->load(Array)
#6 /Users/raffael/projects/Drips/vendor/laravel/framework/src/Illuminate/Foundation/Bootstrap/RegisterProviders.php(17): Illuminate\Foundation\Application->registerConfiguredProviders()
#7 /Users/raffael/projects/Drips/vendor/laravel/framework/src/Illuminate/Foundation/Application.php(203): Illuminate\Foundation\Bootstrap\RegisterProviders->bootstrap(Object(Prowect\Drips\Application))
#8 /Users/raffael/projects/Drips/vendor/laravel/framework/src/Illuminate/Foundation/Console/Kernel.php(262): Illuminate\Foundation\Application->bootstrapWith(Array)
#9 /Users/raffael/projects/Drips/vendor/laravel/framework/src/Illuminate/Foundation/Console/Kernel.php(114): Illuminate\Foundation\Console\Kernel->bootstrap()
#10 /Users/raffael/projects/Drips/drips(17): Illuminate\Foundation\Console\Kernel->handle(Object(Symfony\Component\Console\Input\ArgvInput), Object(Symfony\Component\Console\Output\ConsoleOutput))
#11 {main}  
